[INFO ] [2023-05-01 22:54:18,934] Register - Step 01: Navigate to REGISTER page
[INFO ] [2023-05-01 22:54:21,444] Register - Step 02: Click on Male radio button
[INFO ] [2023-05-01 22:54:21,751] Register - Step 03: Input to firstname textbox
[INFO ] [2023-05-01 22:54:22,060] Register - Step 04: Input to lastname textbox
[INFO ] [2023-05-01 22:54:22,247] Register - Step 05: Select birthday day
[INFO ] [2023-05-01 22:54:22,430] Register - Step 06: Select birthday month
[INFO ] [2023-05-01 22:54:22,541] Register - Step 07: Select birthday year
[INFO ] [2023-05-01 22:54:23,345] Register - Step 08: Input to email address textbox
[INFO ] [2023-05-01 22:54:23,526] Register - Step 09: Input to company textbox
[INFO ] [2023-05-01 22:54:23,865] Register - Step 10: Input to password textbox
[INFO ] [2023-05-01 22:54:24,230] Register - Step 11: Input to confirm password textbox
[INFO ] [2023-05-01 22:54:25,010] Register - Step 12: Click to REGISTER button
[INFO ] [2023-05-01 22:54:27,175] Register - Step 13: Verify if register completed
[INFO ] [2023-05-01 22:54:27,239] Register - Step 14: Return to HOME page
[INFO ] [2023-05-01 22:54:27,817] Register - Step 15: Return to HOME page successfully
[INFO ] [2023-05-01 23:06:07,690] Register - Step 01: Navigate to REGISTER page
[INFO ] [2023-05-01 23:06:10,166] Register - Step 02: Click on Male radio button
[INFO ] [2023-05-01 23:06:10,452] Register - Step 03: Input to firstname textbox
[INFO ] [2023-05-01 23:06:10,743] Register - Step 04: Input to lastname textbox
[INFO ] [2023-05-01 23:06:10,909] Register - Step 05: Select birthday day
[INFO ] [2023-05-01 23:06:11,674] Register - Step 06: Select birthday month
[INFO ] [2023-05-01 23:06:11,782] Register - Step 07: Select birthday year
[INFO ] [2023-05-01 23:06:11,887] Register - Step 08: Input to email address textbox
[INFO ] [2023-05-01 23:06:12,000] Register - Step 09: Input to company textbox
[INFO ] [2023-05-01 23:06:12,283] Register - Step 10: Input to password textbox
[INFO ] [2023-05-01 23:06:12,753] Register - Step 11: Input to confirm password textbox
[INFO ] [2023-05-01 23:06:12,974] Register - Step 12: Click to REGISTER button
[INFO ] [2023-05-01 23:06:15,469] Register - Step 13: Verify if register completed
[INFO ] [2023-05-01 23:06:15,521]  -------------------------- PASSED -------------------------- 
[INFO ] [2023-05-01 23:06:15,521] Register - Step 14: Return to HOME page
[INFO ] [2023-05-01 23:06:16,104] Register - Step 15: Return to HOME page successfully
[INFO ] [2023-05-01 23:06:16,112]  -------------------------- PASSED -------------------------- 
[INFO ] [2023-05-01 23:06:16,121] Login - Step 01: Click to LOGIN link
[INFO ] [2023-05-01 23:06:16,691] Login - Step 02: Input Email and Password
[INFO ] [2023-05-01 23:06:16,920] Login - Step 03: Click to LOGIN button
[INFO ] [2023-05-01 23:06:18,867] Login - Step 04: Check if Login successfully
[INFO ] [2023-05-01 23:06:18,893]  -------------------------- PASSED -------------------------- 
[INFO ] [2023-05-01 23:06:19,383] Login - Step 05: Check if Male radio button is selected
[INFO ] [2023-05-01 23:06:19,591]  -------------------------- FAILED -------------------------- 
[INFO ] [2023-05-01 23:06:19,591] Login - Step 06: Check if firstname match registered info
[INFO ] [2023-05-01 23:06:19,627]  -------------------------- PASSED -------------------------- 
[INFO ] [2023-05-01 23:06:19,627] Login - Step 07: Check if last match registered info
[INFO ] [2023-05-01 23:06:19,672]  -------------------------- PASSED -------------------------- 
[INFO ] [2023-05-01 23:06:19,673] Login - Step 08: Check if date of birth match registered info
[INFO ] [2023-05-01 23:06:19,971]  -------------------------- PASSED -------------------------- 
[INFO ] [2023-05-01 23:06:20,055]  -------------------------- FAILED -------------------------- 
[INFO ] [2023-05-01 23:06:21,118]  -------------------------- FAILED -------------------------- 
[INFO ] [2023-05-01 23:06:21,119] Login - Step 09: Check if email address match registered info
[INFO ] [2023-05-01 23:06:21,210]  -------------------------- PASSED -------------------------- 
[INFO ] [2023-05-01 23:06:21,210] Login - Step 10: Check if company name match registered info
[INFO ] [2023-05-01 23:06:21,259]  -------------------------- PASSED -------------------------- 
[INFO ] [2023-05-03 22:11:50,007] Register - Step 01: Navigate to REGISTER page
[INFO ] [2023-05-03 22:12:20,080] Login - Step 01: Click to LOGIN link
[INFO ] [2023-05-03 22:17:06,381] Register - Step 01: Navigate to REGISTER page
[INFO ] [2023-05-03 22:17:36,524] Login - Step 01: Click to LOGIN link
[INFO ] [2023-05-04 21:18:34,019] Register - Step 01: Navigate to REGISTER page
[INFO ] [2023-05-04 21:18:36,456] Register - Step 02: Click on Male radio button
[INFO ] [2023-05-04 21:18:37,160] Register - Step 03: Input to firstname textbox
[INFO ] [2023-05-04 21:18:37,821] Register - Step 04: Input to lastname textbox
[INFO ] [2023-05-04 21:18:38,042] Register - Step 05: Select birthday day
[INFO ] [2023-05-04 21:18:39,065] Register - Step 06: Select birthday month
[INFO ] [2023-05-04 21:18:39,168] Register - Step 07: Select birthday year
[INFO ] [2023-05-04 21:18:39,268] Register - Step 08: Input to email address textbox
[INFO ] [2023-05-04 21:18:39,408] Register - Step 09: Input to company textbox
[INFO ] [2023-05-04 21:18:39,795] Register - Step 10: Input to password textbox
[INFO ] [2023-05-04 21:18:40,161] Register - Step 11: Input to confirm password textbox
[INFO ] [2023-05-04 21:18:40,548] Register - Step 12: Click to REGISTER button
[INFO ] [2023-05-04 21:18:41,960] Register - Step 13: Verify if register completed
[INFO ] [2023-05-04 21:18:42,017]  -------------------------- PASSED -------------------------- 
[INFO ] [2023-05-04 21:18:42,017] Register - Step 14: Return to HOME page
[INFO ] [2023-05-04 21:18:42,560] Register - Step 15: Return to HOME page successfully
[INFO ] [2023-05-04 21:18:42,568]  -------------------------- PASSED -------------------------- 
[INFO ] [2023-05-04 21:18:42,581] Login - Step 01: Click to LOGIN link
[INFO ] [2023-05-04 21:18:43,205] Login - Step 02: Input Email and Password
[INFO ] [2023-05-04 21:18:43,427] Login - Step 03: Click to LOGIN button
[INFO ] [2023-05-04 21:18:44,860] Login - Step 04: Check if Login successfully
[INFO ] [2023-05-04 21:18:44,887]  -------------------------- PASSED -------------------------- 
[INFO ] [2023-05-04 21:18:45,353] Login - Step 05: Check if Male radio button is selected
[INFO ] [2023-05-04 21:18:45,416]  -------------------------- FAILED -------------------------- 
[INFO ] [2023-05-04 21:18:45,417] Login - Step 06: Check if firstname match registered info
[INFO ] [2023-05-04 21:18:45,456]  -------------------------- PASSED -------------------------- 
[INFO ] [2023-05-04 21:18:45,456] Login - Step 07: Check if last match registered info
[INFO ] [2023-05-04 21:18:45,502]  -------------------------- FAILED -------------------------- 
[INFO ] [2023-05-04 21:18:45,502] Login - Step 08: Check if date of birth match registered info
[INFO ] [2023-05-04 21:18:45,817]  -------------------------- PASSED -------------------------- 
[INFO ] [2023-05-04 21:18:45,898]  -------------------------- FAILED -------------------------- 
[INFO ] [2023-05-04 21:18:46,974]  -------------------------- PASSED -------------------------- 
[INFO ] [2023-05-04 21:18:46,975] Login - Step 09: Check if email address match registered info
[INFO ] [2023-05-04 21:18:47,039]  -------------------------- PASSED -------------------------- 
[INFO ] [2023-05-04 21:18:47,039] Login - Step 10: Check if company name match registered info
[INFO ] [2023-05-04 21:18:47,069]  -------------------------- PASSED -------------------------- 
[INFO ] [2023-05-08 21:38:58,873] Register - Step 01: Navigate to REGISTER page
[INFO ] [2023-05-08 21:39:00,775] Register - Step 02: Click on Male radio button
[INFO ] [2023-05-08 21:39:01,468] Register - Step 03: Input to firstname textbox
[INFO ] [2023-05-08 21:39:02,068] Register - Step 04: Input to lastname textbox
[INFO ] [2023-05-08 21:39:02,315] Register - Step 05: Select birthday day
[INFO ] [2023-05-08 21:39:02,515] Register - Step 06: Select birthday month
[INFO ] [2023-05-08 21:39:02,660] Register - Step 07: Select birthday year
[INFO ] [2023-05-08 21:39:03,594] Register - Step 08: Input to email address textbox
[INFO ] [2023-05-08 21:39:03,779] Register - Step 09: Input to company textbox
[INFO ] [2023-05-08 21:39:04,173] Register - Step 10: Input to password textbox
[INFO ] [2023-05-08 21:39:04,528] Register - Step 11: Input to confirm password textbox
[INFO ] [2023-05-08 21:39:04,898] Register - Step 12: Click to REGISTER button
[INFO ] [2023-05-08 21:39:06,305] Register - Step 13: Verify if register completed
[INFO ] [2023-05-08 21:39:06,372]  -------------------------- PASSED -------------------------- 
[INFO ] [2023-05-08 21:39:06,372] Register - Step 14: Return to HOME page
[INFO ] [2023-05-08 21:39:07,454] Register - Step 15: Return to HOME page successfully
[INFO ] [2023-05-08 21:39:07,494]  -------------------------- PASSED -------------------------- 
[INFO ] [2023-05-08 21:39:07,501] Login - Step 01: Click to LOGIN link
[INFO ] [2023-05-08 21:39:18,849] Login - Step 02: Input Email and Password
[INFO ] [2023-05-08 21:39:19,389] Login - Step 03: Click to LOGIN button
[INFO ] [2023-05-08 21:39:20,478] Login - Step 04: Check if Login successfully
[INFO ] [2023-05-08 21:47:49,816] Register - Step 01: Navigate to REGISTER page
[INFO ] [2023-05-08 21:47:51,737] Register - Step 02: Click on Male radio button
[INFO ] [2023-05-08 21:47:52,393] Register - Step 03: Input to firstname textbox
[INFO ] [2023-05-08 21:47:53,036] Register - Step 04: Input to lastname textbox
[INFO ] [2023-05-08 21:47:53,249] Register - Step 05: Select birthday day
[INFO ] [2023-05-08 21:47:53,432] Register - Step 06: Select birthday month
[INFO ] [2023-05-08 21:47:54,199] Register - Step 07: Select birthday year
[INFO ] [2023-05-08 21:47:54,494] Register - Step 08: Input to email address textbox
[INFO ] [2023-05-08 21:47:54,621] Register - Step 09: Input to company textbox
[INFO ] [2023-05-08 21:47:54,947] Register - Step 10: Input to password textbox
[INFO ] [2023-05-08 21:47:55,309] Register - Step 11: Input to confirm password textbox
[INFO ] [2023-05-08 21:47:55,769] Register - Step 12: Click to REGISTER button
[INFO ] [2023-05-08 21:47:57,195] Register - Step 13: Verify if register completed
[INFO ] [2023-05-08 21:47:57,250]  -------------------------- PASSED -------------------------- 
[INFO ] [2023-05-08 21:47:57,250] Register - Step 14: Return to HOME page
[INFO ] [2023-05-08 21:47:57,773] Register - Step 15: Return to HOME page successfully
[INFO ] [2023-05-08 21:47:57,780]  -------------------------- PASSED -------------------------- 
[INFO ] [2023-05-08 21:47:57,791] Login - Step 01: Click to LOGIN link
[INFO ] [2023-05-08 21:47:58,326] Login - Step 02: Input Email and Password
[INFO ] [2023-05-08 21:47:58,604] Login - Step 03: Click to LOGIN button
[INFO ] [2023-05-08 21:47:59,566] Login - Step 04: Check if Login successfully
[INFO ] [2023-05-08 21:47:59,592]  -------------------------- PASSED -------------------------- 
[INFO ] [2023-05-08 21:48:00,019] Login - Step 05: Check if Male radio button is selected
[INFO ] [2023-05-08 21:48:00,234]  -------------------------- FAILED -------------------------- 
[INFO ] [2023-05-08 21:48:00,235] Login - Step 06: Check if firstname match registered info
[INFO ] [2023-05-08 21:48:00,274]  -------------------------- PASSED -------------------------- 
[INFO ] [2023-05-08 21:48:00,274] Login - Step 07: Check if last match registered info
[INFO ] [2023-05-08 21:48:00,318]  -------------------------- FAILED -------------------------- 
[INFO ] [2023-05-08 21:48:00,319] Login - Step 08: Check if date of birth match registered info
[INFO ] [2023-05-08 21:48:00,618]  -------------------------- PASSED -------------------------- 
[INFO ] [2023-05-08 21:48:00,700]  -------------------------- FAILED -------------------------- 
[INFO ] [2023-05-08 21:48:01,680]  -------------------------- PASSED -------------------------- 
[INFO ] [2023-05-08 21:48:01,681] Login - Step 09: Check if email address match registered info
[INFO ] [2023-05-08 21:48:01,749]  -------------------------- PASSED -------------------------- 
[INFO ] [2023-05-08 21:48:01,749] Login - Step 10: Check if company name match registered info
[INFO ] [2023-05-08 21:48:01,783]  -------------------------- PASSED -------------------------- 
[INFO ] [2023-05-08 21:51:57,680] Register - Step 01: Navigate to REGISTER page
[INFO ] [2023-05-08 21:51:59,571] Register - Step 02: Click on Male radio button
[INFO ] [2023-05-08 21:52:00,244] Register - Step 03: Input to firstname textbox
[INFO ] [2023-05-08 21:52:00,816] Register - Step 04: Input to lastname textbox
[INFO ] [2023-05-08 21:52:01,019] Register - Step 05: Select birthday day
[INFO ] [2023-05-08 21:52:01,205] Register - Step 06: Select birthday month
[INFO ] [2023-05-08 21:52:01,311] Register - Step 07: Select birthday year
[INFO ] [2023-05-08 21:52:02,218] Register - Step 08: Input to email address textbox
[INFO ] [2023-05-08 21:52:02,430] Register - Step 09: Input to company textbox
[INFO ] [2023-05-08 21:52:02,816] Register - Step 10: Input to password textbox
[INFO ] [2023-05-08 21:52:03,163] Register - Step 11: Input to confirm password textbox
[INFO ] [2023-05-08 21:52:03,535] Register - Step 12: Click to REGISTER button
[INFO ] [2023-05-08 21:52:04,982] Register - Step 13: Verify if register completed
[INFO ] [2023-05-08 21:52:05,038]  -------------------------- PASSED -------------------------- 
[INFO ] [2023-05-08 21:52:05,038] Register - Step 14: Return to HOME page
[INFO ] [2023-05-08 21:52:05,571] Register - Step 15: Return to HOME page successfully
[INFO ] [2023-05-08 21:52:05,578]  -------------------------- PASSED -------------------------- 
[INFO ] [2023-05-08 21:52:05,589] Login - Step 01: Click to LOGIN link
[INFO ] [2023-05-08 21:52:06,252] Login - Step 02: Input Email and Password
[INFO ] [2023-05-08 21:52:06,499] Login - Step 03: Click to LOGIN button
[INFO ] [2023-05-08 21:52:07,516] Login - Step 04: Check if Login successfully
[INFO ] [2023-05-08 21:52:07,541]  -------------------------- PASSED -------------------------- 
[INFO ] [2023-05-08 21:52:07,990] Login - Step 05: Check if Male radio button is selected
[INFO ] [2023-05-08 21:52:08,207]  -------------------------- FAILED -------------------------- 
[INFO ] [2023-05-08 21:52:08,208] Login - Step 06: Check if firstname match registered info
[INFO ] [2023-05-08 21:52:08,256]  -------------------------- PASSED -------------------------- 
[INFO ] [2023-05-08 21:52:08,256] Login - Step 07: Check if last match registered info
[INFO ] [2023-05-08 21:52:08,298]  -------------------------- FAILED -------------------------- 
[INFO ] [2023-05-08 21:52:08,298] Login - Step 08: Check if date of birth match registered info
[INFO ] [2023-05-08 21:52:08,634]  -------------------------- PASSED -------------------------- 
[INFO ] [2023-05-08 21:52:08,714]  -------------------------- FAILED -------------------------- 
[INFO ] [2023-05-08 21:52:09,824]  -------------------------- PASSED -------------------------- 
[INFO ] [2023-05-08 21:52:09,824] Login - Step 09: Check if email address match registered info
[INFO ] [2023-05-08 21:52:09,868]  -------------------------- PASSED -------------------------- 
[INFO ] [2023-05-08 21:52:09,869] Login - Step 10: Check if company name match registered info
[INFO ] [2023-05-08 21:52:09,904]  -------------------------- PASSED -------------------------- 
[INFO ] [2023-05-08 22:15:27,015] Register - Step 01: Navigate to REGISTER page
[INFO ] [2023-05-08 22:15:29,173] Register - Step 02: Click on Male radio button
[INFO ] [2023-05-08 22:15:29,823] Register - Step 03: Input to firstname textbox
[INFO ] [2023-05-08 22:15:30,421] Register - Step 04: Input to lastname textbox
[INFO ] [2023-05-08 22:15:31,442] Register - Step 05: Select birthday day
[INFO ] [2023-05-08 22:15:31,647] Register - Step 06: Select birthday month
[INFO ] [2023-05-08 22:15:31,748] Register - Step 07: Select birthday year
[INFO ] [2023-05-08 22:15:31,866] Register - Step 08: Input to email address textbox
[INFO ] [2023-05-08 22:15:32,023] Register - Step 09: Input to company textbox
[INFO ] [2023-05-08 22:15:32,416] Register - Step 10: Input to password textbox
[INFO ] [2023-05-08 22:15:32,837] Register - Step 11: Input to confirm password textbox
[INFO ] [2023-05-08 22:15:33,187] Register - Step 12: Click to REGISTER button
[INFO ] [2023-05-08 22:15:34,527] Register - Step 13: Verify if register completed
[INFO ] [2023-05-08 22:15:34,583] Register - Step 14: Return to HOME page
[INFO ] [2023-05-08 22:15:35,080] Register - Step 15: Return to HOME page successfully
[INFO ] [2023-05-08 22:15:35,097] Login - Step 01: Click to LOGIN link
[INFO ] [2023-05-08 22:15:35,646] Login - Step 02: Input Email and Password
[INFO ] [2023-05-08 22:15:35,908] Login - Step 03: Click to LOGIN button
[INFO ] [2023-05-08 22:15:36,931] Login - Step 04: Check if Login successfully
[INFO ] [2023-05-08 22:15:37,413] Login - Step 05: Check if Male radio button is selected
[INFO ] [2023-07-09 10:22:28,386] Login - Step 01: Click to LOGIN link
[INFO ] [2023-07-09 10:22:32,065] Login - Step 02: Input Email and Password
[INFO ] [2023-07-09 10:22:33,691] Login - Step 03: Click to LOGIN button
[INFO ] [2023-07-10 17:59:47,132] Login - Step 01: Click to LOGIN link
[INFO ] [2023-07-10 17:59:47,562] Login - Step 02: Input Email and Password
[INFO ] [2023-07-10 18:26:16,470] Login - Step 01: Click to LOGIN link
[INFO ] [2023-07-10 18:26:16,903] Login - Step 02: Input Email and Password
[INFO ] [2023-07-10 21:46:57,723] Login - Step 01: Click to LOGIN link
[INFO ] [2023-07-10 21:47:01,134] Login - Step 02: Set cookie and reload page
[INFO ] [2023-07-10 21:48:53,313] Login - Step 01: Click to LOGIN link
[INFO ] [2023-07-10 21:48:56,847] Login - Step 02: Set cookie and reload page
[INFO ] [2023-07-10 21:54:30,239] Login - Step 01: Click to LOGIN link
[INFO ] [2023-07-10 21:54:33,523] Login - Step 02: Set cookie and reload page
[INFO ] [2023-07-10 21:55:55,818] Login - Step 01: Click to LOGIN link
[INFO ] [2023-07-10 21:55:59,694] Login - Step 02: Set cookie and reload page
[INFO ] [2023-07-10 21:55:59,749] Login - Step 03: reload page
[INFO ] [2023-07-10 22:18:50,793] Login - Step 01: Click to LOGIN link
[INFO ] [2023-07-10 22:18:54,449] Login - Step 02: Set cookie and reload page
[INFO ] [2023-07-10 22:18:57,624] Login - Step 03: reload page
[INFO ] [2023-07-14 19:51:56,490] Register - Step 01: Navigate to REGISTER page
[INFO ] [2023-07-14 19:51:59,601] Register - Step 02: Click on Male radio button
[INFO ] [2023-07-14 19:52:00,352] Register - Step 03: Input to firstname textbox
[INFO ] [2023-07-14 19:52:00,352] Register - Step 04: Input to lastname textbox
[INFO ] [2023-07-14 19:52:30,559] Login - Step 01: Click to LOGIN link
[INFO ] [2023-07-14 19:52:36,513] Login - Step 02: Input Email and Password
[INFO ] [2023-07-14 19:52:38,178] Login - Step 03: Click to LOGIN button
[INFO ] [2023-07-14 19:52:43,848] Login - Step 04: Check if Login successfully
[INFO ] [2023-07-14 19:55:41,590] Register - Step 01: Navigate to REGISTER page
[INFO ] [2023-07-14 19:55:44,796] Register - Step 02: Click on Male radio button
[INFO ] [2023-07-14 19:55:45,500] Register - Step 03: Input to firstname textbox
[INFO ] [2023-07-14 19:55:45,500] Register - Step 04: Input to lastname textbox
[INFO ] [2023-07-14 19:55:46,897] Register - Step 05: Select birthday day
[INFO ] [2023-07-14 19:55:47,458] Register - Step 06: Select birthday month
[INFO ] [2023-07-14 19:55:48,982] Register - Step 07: Select birthday year
[INFO ] [2023-07-14 19:55:49,253] Register - Step 08: Input to email address textbox
[INFO ] [2023-07-14 19:55:49,731] Register - Step 09: Input to company textbox
[INFO ] [2023-07-14 19:55:50,477] Register - Step 10: Input to password textbox
[INFO ] [2023-07-14 19:55:51,088] Register - Step 11: Input to confirm password textbox
[INFO ] [2023-07-14 19:55:51,520] Register - Step 12: Click to REGISTER button
[INFO ] [2023-07-14 19:55:55,364] Register - Step 13: Verify if register completed
[INFO ] [2023-07-14 19:55:55,546] Register - Step 14: Return to HOME page
[INFO ] [2023-07-14 19:55:56,723] Register - Step 15: Return to HOME page successfully
[INFO ] [2023-07-14 19:55:56,877] Login - Step 01: Click to LOGIN link
[INFO ] [2023-07-14 19:55:57,537] Login - Step 02: Input Email and Password
[INFO ] [2023-07-14 19:55:58,158] Login - Step 03: Click to LOGIN button
[INFO ] [2023-07-14 19:56:01,439] Login - Step 04: Check if Login successfully
[INFO ] [2023-07-14 19:56:02,393] Login - Step 05: Check if Male radio button is selected
[INFO ] [2023-07-14 21:08:11,900] Register - Step 01: Navigate to REGISTER page
[INFO ] [2023-07-14 21:08:15,191] Register - Step 02: Click on Male radio button
[INFO ] [2023-07-14 21:08:15,515] Register - Step 03: Input to firstname textbox
[INFO ] [2023-07-14 21:08:16,534] Register - Step 04: Input to lastname textbox
[INFO ] [2023-07-14 21:08:17,198] Register - Step 05: Select birthday day
[INFO ] [2023-07-14 21:08:17,783] Register - Step 06: Select birthday month
[INFO ] [2023-07-14 21:08:18,117] Register - Step 07: Select birthday year
[INFO ] [2023-07-14 21:08:22,083] Register - Step 08: Input to email address textbox
[INFO ] [2023-07-14 21:08:22,780] Register - Step 09: Input to company textbox
[INFO ] [2023-07-14 21:08:23,334] Register - Step 10: Input to password textbox
[INFO ] [2023-07-14 21:08:23,765] Register - Step 11: Input to confirm password textbox
[INFO ] [2023-07-14 21:08:24,132] Register - Step 12: Click to REGISTER button
[INFO ] [2023-07-14 21:08:28,024] Register - Step 13: Verify if register completed
[INFO ] [2023-07-14 21:08:28,298] Register - Step 14: Return to HOME page
[INFO ] [2023-07-14 21:08:29,421] Register - Step 15: Return to HOME page successfully
[INFO ] [2023-07-14 21:08:29,584] Login - Step 01: Click to LOGIN link
[INFO ] [2023-07-14 21:08:30,384] Login - Step 02: Input Email and Password
[INFO ] [2023-07-14 21:08:30,949] Login - Step 03: Click to LOGIN button
[INFO ] [2023-07-14 21:08:33,579] Login - Step 04: Check if Login successfully
[INFO ] [2023-07-14 21:08:34,512] Login - Step 05: Check if Male radio button is selected
[INFO ] [2023-07-14 21:10:30,386] Register - Step 01: Navigate to REGISTER page
[INFO ] [2023-07-14 21:10:33,673] Register - Step 02: Click on Male radio button
[INFO ] [2023-07-14 21:10:34,469] Register - Step 03: Input to firstname textbox
[INFO ] [2023-07-14 21:10:35,314] Register - Step 04: Input to lastname textbox
[INFO ] [2023-07-14 21:10:35,872] Register - Step 05: Select birthday day
[INFO ] [2023-07-14 21:10:37,128] Register - Step 06: Select birthday month
[INFO ] [2023-07-14 21:10:37,976] Register - Step 07: Select birthday year
[INFO ] [2023-07-14 21:10:40,028] Register - Step 08: Input to email address textbox
[INFO ] [2023-07-14 21:10:40,762] Register - Step 09: Input to company textbox
[INFO ] [2023-07-14 21:10:41,283] Register - Step 10: Input to password textbox
[INFO ] [2023-07-14 21:10:41,869] Register - Step 11: Input to confirm password textbox
[INFO ] [2023-07-14 21:10:42,581] Register - Step 12: Click to REGISTER button
[INFO ] [2023-07-14 21:10:46,739] Register - Step 13: Verify if register completed
[INFO ] [2023-07-14 21:10:47,292] Register - Step 14: Return to HOME page
[INFO ] [2023-07-14 21:10:49,382] Register - Step 15: Return to HOME page successfully
[INFO ] [2023-07-14 21:10:49,547] Login - Step 01: Click to LOGIN link
[INFO ] [2023-07-14 21:10:50,316] Login - Step 02: Input Email and Password
[INFO ] [2023-07-14 21:10:51,391] Login - Step 03: Click to LOGIN button
[INFO ] [2023-07-14 21:10:54,944] Login - Step 04: Check if Login successfully
[INFO ] [2023-07-14 21:10:56,263] Login - Step 05: Check if Male radio button is selected
[INFO ] [2023-07-14 21:10:56,387] Login - Step 06: Check if firstname match registered info
[INFO ] [2023-07-14 21:10:56,552] Login - Step 07: Check if last match registered info
[INFO ] [2023-07-14 21:12:07,261] Register - Step 01: Navigate to REGISTER page
[INFO ] [2023-07-14 21:12:10,451] Register - Step 02: Click on Male radio button
[INFO ] [2023-07-14 21:12:11,322] Register - Step 03: Input to firstname textbox
[INFO ] [2023-07-14 21:12:12,230] Register - Step 04: Input to lastname textbox
[INFO ] [2023-07-14 21:12:12,839] Register - Step 05: Select birthday day
[INFO ] [2023-07-14 21:12:14,006] Register - Step 06: Select birthday month
[INFO ] [2023-07-14 21:12:15,147] Register - Step 07: Select birthday year
[INFO ] [2023-07-14 21:12:17,146] Register - Step 08: Input to email address textbox
[INFO ] [2023-07-14 21:12:17,847] Register - Step 09: Input to company textbox
[INFO ] [2023-07-14 21:12:18,329] Register - Step 10: Input to password textbox
[INFO ] [2023-07-14 21:12:18,872] Register - Step 11: Input to confirm password textbox
[INFO ] [2023-07-14 21:12:19,517] Register - Step 12: Click to REGISTER button
[INFO ] [2023-07-14 21:12:23,844] Register - Step 13: Verify if register completed
[INFO ] [2023-07-14 21:12:23,991] Register - Step 14: Return to HOME page
[INFO ] [2023-07-14 21:12:25,385] Register - Step 15: Return to HOME page successfully
[INFO ] [2023-07-14 21:12:25,533] Login - Step 01: Click to LOGIN link
[INFO ] [2023-07-14 21:12:26,249] Login - Step 02: Input Email and Password
[INFO ] [2023-07-14 21:12:26,801] Login - Step 03: Click to LOGIN button
[INFO ] [2023-07-14 21:12:29,786] Login - Step 04: Check if Login successfully
[INFO ] [2023-07-14 21:12:30,536] Login - Step 05: Check if Male radio button is selected
[INFO ] [2023-07-14 21:12:30,676] Login - Step 06: Check if firstname match registered info
[INFO ] [2023-07-14 21:12:30,741] Login - Step 07: Check if last match registered info
[INFO ] [2023-07-14 21:12:30,805] Login - Step 08: Check if date of birth match registered info
[INFO ] [2023-07-15 14:28:28,491] Register - Step 01: Navigate to REGISTER page
[INFO ] [2023-07-15 14:28:30,982] Register - Step 02: Click on Male radio button
[INFO ] [2023-07-15 14:28:31,773] Register - Step 03: Input to firstname textbox
[INFO ] [2023-07-15 14:28:32,585] Register - Step 04: Input to lastname textbox
[INFO ] [2023-07-15 14:28:33,124] Register - Step 05: Select birthday day
[INFO ] [2023-07-15 14:29:03,416] Login - Step 01: Click to LOGIN link
[INFO ] [2023-07-15 14:29:08,031] Login - Step 02: Input Email and Password
[INFO ] [2023-07-15 14:29:08,900] Login - Step 03: Click to LOGIN button
[INFO ] [2023-07-15 14:29:11,230] Login - Step 04: Check if Login successfully
[INFO ] [2023-07-15 14:33:05,970] Register - Step 01: Navigate to REGISTER page
[INFO ] [2023-07-15 14:33:09,326] Register - Step 02: Click on Male radio button
[INFO ] [2023-07-15 14:33:10,158] Register - Step 03: Input to firstname textbox
[INFO ] [2023-07-15 14:33:11,057] Register - Step 04: Input to lastname textbox
[INFO ] [2023-07-15 14:33:11,656] Register - Step 05: Select birthday day
[INFO ] [2023-07-15 14:33:12,282] Register - Step 06: Select birthday month
[INFO ] [2023-07-15 14:33:12,609] Register - Step 07: Select birthday year
[INFO ] [2023-07-15 14:33:12,813] Register - Step 08: Input to email address textbox
[INFO ] [2023-07-15 14:33:14,369] Register - Step 09: Input to company textbox
[INFO ] [2023-07-15 14:33:15,671] Register - Step 10: Input to password textbox
[INFO ] [2023-07-15 14:33:16,105] Register - Step 11: Input to confirm password textbox
[INFO ] [2023-07-15 14:33:16,477] Register - Step 12: Click to REGISTER button
[INFO ] [2023-07-15 14:33:20,518] Register - Step 13: Verify if register completed
[INFO ] [2023-07-15 14:33:21,015] Register - Step 14: Return to HOME page
[INFO ] [2023-07-15 14:33:23,419] Register - Step 15: Return to HOME page successfully
[INFO ] [2023-07-15 14:33:23,573] Login - Step 01: Click to LOGIN link
[INFO ] [2023-07-15 14:33:24,355] Login - Step 02: Input Email and Password
[INFO ] [2023-07-15 14:33:25,429] Login - Step 03: Click to LOGIN button
[INFO ] [2023-07-15 14:33:28,434] Login - Step 04: Check if Login successfully
[INFO ] [2023-07-15 14:33:29,792] Login - Step 05: Check if Male radio button is selected
[INFO ] [2023-07-15 14:33:30,165] Login - Step 06: Check if firstname match registered info
[INFO ] [2023-07-15 14:33:30,232] Login - Step 07: Check if last match registered info
[INFO ] [2023-07-15 14:33:30,309] Login - Step 08: Check if date of birth match registered info
[INFO ] [2023-07-15 14:33:32,156] Login - Step 09: Check if email address match registered info
[INFO ] [2023-07-15 14:33:32,568] Login - Step 10: Check if company name match registered info
[INFO ] [2023-07-15 14:58:02,475] Register - Step 01: Navigate to REGISTER page
[INFO ] [2023-07-15 14:58:05,782] Register - Step 02: Click on Male radio button
[INFO ] [2023-07-15 14:58:06,611] Register - Step 03: Input to firstname textbox
[INFO ] [2023-07-15 14:58:07,511] Register - Step 04: Input to lastname textbox
[INFO ] [2023-07-15 14:58:08,134] Register - Step 05: Select birthday day
[INFO ] [2023-07-15 14:58:09,496] Register - Step 06: Select birthday month
[INFO ] [2023-07-15 14:58:10,566] Register - Step 07: Select birthday year
[INFO ] [2023-07-15 14:58:10,821] Register - Step 08: Input to email address textbox
[INFO ] [2023-07-15 14:58:11,314] Register - Step 09: Input to company textbox
[INFO ] [2023-07-15 14:58:12,291] Register - Step 10: Input to password textbox
[INFO ] [2023-07-15 14:58:12,802] Register - Step 11: Input to confirm password textbox
[INFO ] [2023-07-15 14:58:13,293] Register - Step 12: Click to REGISTER button
[INFO ] [2023-07-15 14:58:17,255] Register - Step 13: Verify if register completed
[INFO ] [2023-07-15 14:58:17,515] Register - Step 14: Return to HOME page
[INFO ] [2023-07-15 14:58:18,766] Register - Step 15: Return to HOME page successfully
[INFO ] [2023-07-15 14:58:18,934] Login - Step 01: Click to LOGIN link
[INFO ] [2023-07-15 14:58:19,775] Login - Step 02: Input Email and Password
[INFO ] [2023-07-15 14:58:20,290] Login - Step 03: Click to LOGIN button
[INFO ] [2023-07-15 14:58:23,195] Login - Step 04: Check if Login successfully
[INFO ] [2023-07-15 14:58:24,107] Login - Step 05: Check if Male radio button is selected
[INFO ] [2023-07-15 14:58:24,236] Login - Step 06: Check if firstname match registered info
[INFO ] [2023-07-15 14:58:24,348] Login - Step 07: Check if last match registered info
[INFO ] [2023-07-15 14:58:24,484] Login - Step 08: Check if date of birth match registered info
[INFO ] [2023-07-15 14:58:26,352] Login - Step 09: Check if email address match registered info
[INFO ] [2023-07-15 14:58:26,481] Login - Step 10: Check if company name match registered info
